<?xml version="1.0" encoding="UTF-8"?>
<!-- Generated by org.testng.reporters.JUnitReportReporter -->
<testsuite hostname="Marshal-Marsh" failures="0" tests="4" name="runner.TestNGRunnerTest" time="57.995" errors="0" timestamp="2025-04-06T12:49:19 IST" skipped="0">
  <testcase classname="runner.TestNGRunnerTest" name="runScenario" time="13.651"/>
  <testcase classname="runner.TestNGRunnerTest" name="runScenario" time="18.893"/>
  <testcase classname="runner.TestNGRunnerTest" name="runScenario" time="11.623"/>
  <testcase classname="runner.TestNGRunnerTest" name="runScenario" time="13.828"/>
</testsuite> <!-- runner.TestNGRunnerTest -->
