<?xml version="1.0" encoding="UTF-8"?>
<!-- Generated by org.testng.reporters.JUnitReportReporter -->
<testsuite hostname="Marshal-Marsh" failures="0" tests="4" name="runner.TestNGRunnerTest" time="20.055" errors="0" timestamp="2025-04-05T22:32:34 IST" skipped="0">
  <testcase classname="runner.TestNGRunnerTest" name="runScenario" time="5.736"/>
  <testcase classname="runner.TestNGRunnerTest" name="runScenario" time="4.653"/>
  <testcase classname="runner.TestNGRunnerTest" name="runScenario" time="4.625"/>
  <testcase classname="runner.TestNGRunnerTest" name="runScenario" time="5.041"/>
</testsuite> <!-- runner.TestNGRunnerTest -->
